[14-May-2019 15:38:19 UTC] WordPress database error Server shutdown in progress for query SELECT option_value FROM wp_options WHERE option_name = 'jetpack_private_options' LIMIT 1 made by include('phar:///usr/local/bin/wp/php/boot-phar.php'), include('phar:///usr/local/bin/wp/vendor/wp-cli/wp-cli/php/wp-cli.php'), WP_CLI\bootstrap, WP_CLI\Bootstrap\LaunchRunner->process, WP_CLI\Runner->start, WP_CLI\Runner->load_wordpress, require('wp-settings.php'), include_once('/plugins/jetpack/jetpack.php'), require_once('/plugins/jetpack/class.jetpack-idc.php'), Jetpack_IDC::init, Jetpack_IDC->__construct, Jetpack::check_identity_crisis, Jetpack::is_active, Jetpack_Data::get_access_token, Jetpack_Options::get_option, Jetpack_Options::get_grouped_option, get_option
[14-May-2019 15:38:19 UTC] PHP Warning:  Error while sending QUERY packet. PID=4923 in /app/public/wp-includes/wp-db.php on line 2007
[14-May-2019 15:38:19 UTC] WordPress database error Server shutdown in progress for query SELECT option_value FROM wp_options WHERE option_name = 'jetpack_private_options' LIMIT 1 made by include('phar:///usr/local/bin/wp/php/boot-phar.php'), include('phar:///usr/local/bin/wp/vendor/wp-cli/wp-cli/php/wp-cli.php'), WP_CLI\bootstrap, WP_CLI\Bootstrap\LaunchRunner->process, WP_CLI\Runner->start, WP_CLI\Runner->load_wordpress, require('wp-settings.php'), include_once('/plugins/jetpack/jetpack.php'), require_once('/plugins/jetpack/class.jetpack-idc.php'), Jetpack_IDC::init, Jetpack_IDC->__construct, Jetpack::check_identity_crisis, Jetpack::is_active, Jetpack_Data::get_access_token, Jetpack_Options::get_option, Jetpack_Options::get_grouped_option, get_option
[14-May-2019 15:38:19 UTC] PHP Warning:  Error while sending QUERY packet. PID=4928 in /app/public/wp-includes/wp-db.php on line 2007
[14-May-2019 15:38:20 UTC] WordPress database error Server shutdown in progress for query SELECT option_value FROM wp_options WHERE option_name = 'jetpack_private_options' LIMIT 1 made by include('phar:///usr/local/bin/wp/php/boot-phar.php'), include('phar:///usr/local/bin/wp/vendor/wp-cli/wp-cli/php/wp-cli.php'), WP_CLI\bootstrap, WP_CLI\Bootstrap\LaunchRunner->process, WP_CLI\Runner->start, WP_CLI\Runner->load_wordpress, require('wp-settings.php'), include_once('/plugins/jetpack/jetpack.php'), require_once('/plugins/jetpack/class.jetpack-idc.php'), Jetpack_IDC::init, Jetpack_IDC->__construct, Jetpack::check_identity_crisis, Jetpack::is_active, Jetpack_Data::get_access_token, Jetpack_Options::get_option, Jetpack_Options::get_grouped_option, get_option
[14-May-2019 15:38:20 UTC] PHP Warning:  Error while sending QUERY packet. PID=4976 in /app/public/wp-includes/wp-db.php on line 2007
[14-May-2019 16:15:03 UTC] PHP Parse error:  syntax error, unexpected ''supports'' (T_CONSTANT_ENCAPSED_STRING), expecting ')' in /app/public/wp-content/plugins/taskbook/includes/posttypes.php on line 50
[14-May-2019 18:02:13 UTC] PHP Fatal error:  Uncaught ArgumentCountError: Too few arguments to function add_filter(), 1 passed in /app/public/wp-content/plugins/Crazy/Crazy.php on line 19 and at least 2 expected in /app/public/wp-includes/plugin.php:108
Stack trace:
#0 /app/public/wp-content/plugins/Crazy/Crazy.php(19): add_filter('the_content')
#1 /app/public/wp-settings.php(362): include_once('/app/public/wp-...')
#2 /app/public/wp-config.php(76): require_once('/app/public/wp-...')
#3 /app/public/wp-load.php(37): require_once('/app/public/wp-...')
#4 /app/public/wp-admin/admin-ajax.php(22): require_once('/app/public/wp-...')
#5 {main}
  thrown in /app/public/wp-includes/plugin.php on line 108
[14-May-2019 20:19:04 UTC] PHP Warning:  require_once(/app/public/wp-content/plugins/myplugin/admin/setting-page.php): failed to open stream: No such file or directory in /app/public/wp-content/plugins/myplugin/myplugin.php on line 15
[14-May-2019 20:19:04 UTC] PHP Fatal error:  require_once(): Failed opening required '/app/public/wp-content/plugins/myplugin/admin/setting-page.php' (include_path='.:/usr/share/php:/www/wp-content/pear') in /app/public/wp-content/plugins/myplugin/myplugin.php on line 15
[14-May-2019 20:19:19 UTC] PHP Warning:  require_once(/app/public/wp-content/plugins/myplugin/admin/setting-page.php): failed to open stream: No such file or directory in /app/public/wp-content/plugins/myplugin/myplugin.php on line 15
[14-May-2019 20:19:19 UTC] PHP Fatal error:  require_once(): Failed opening required '/app/public/wp-content/plugins/myplugin/admin/setting-page.php' (include_path='.:/usr/share/php:/www/wp-content/pear') in /app/public/wp-content/plugins/myplugin/myplugin.php on line 15
[14-May-2019 20:19:42 UTC] PHP Warning:  require_once(/app/public/wp-content/plugins/myplugin/admin/setting-page.php): failed to open stream: No such file or directory in /app/public/wp-content/plugins/myplugin/myplugin.php on line 15
[14-May-2019 20:19:42 UTC] PHP Fatal error:  require_once(): Failed opening required '/app/public/wp-content/plugins/myplugin/admin/setting-page.php' (include_path='.:/usr/share/php:/www/wp-content/pear') in /app/public/wp-content/plugins/myplugin/myplugin.php on line 15
[14-May-2019 20:28:21 UTC] PHP Fatal error:  Cannot redeclare myplugin_callback_section_login() (previously declared in /app/public/wp-content/plugins/myplugin/myplugin.php:95) in /app/public/wp-content/plugins/myplugin/myplugin.php on line 62
[14-May-2019 20:30:21 UTC] PHP Fatal error:  Cannot redeclare myplugin_callback_section_login() (previously declared in /app/public/wp-content/plugins/myplugin/myplugin.php:95) in /app/public/wp-content/plugins/myplugin/myplugin.php on line 62
[14-May-2019 20:31:33 UTC] PHP Warning:  call_user_func() expects parameter 1 to be a valid callback, function 'myplugin_callback_field_text' not found or invalid function name in /app/public/wp-admin/includes/template.php on line 1651
[14-May-2019 20:31:33 UTC] PHP Warning:  call_user_func() expects parameter 1 to be a valid callback, function 'myplugin_callback_field_text' not found or invalid function name in /app/public/wp-admin/includes/template.php on line 1651
[14-May-2019 20:31:33 UTC] PHP Warning:  call_user_func() expects parameter 1 to be a valid callback, function 'myplugin_callback_field_radio' not found or invalid function name in /app/public/wp-admin/includes/template.php on line 1651
[14-May-2019 20:31:33 UTC] PHP Warning:  call_user_func() expects parameter 1 to be a valid callback, function 'myplugin_callback_field_textarea' not found or invalid function name in /app/public/wp-admin/includes/template.php on line 1651
[14-May-2019 20:31:33 UTC] PHP Warning:  call_user_func() expects parameter 1 to be a valid callback, function 'myplugin_callback_field_text' not found or invalid function name in /app/public/wp-admin/includes/template.php on line 1651
[14-May-2019 20:31:33 UTC] PHP Warning:  call_user_func() expects parameter 1 to be a valid callback, function 'myplugin_callback_field_checkbox' not found or invalid function name in /app/public/wp-admin/includes/template.php on line 1651
[14-May-2019 20:31:33 UTC] PHP Warning:  call_user_func() expects parameter 1 to be a valid callback, function 'myplugin_callback_field_select' not found or invalid function name in /app/public/wp-admin/includes/template.php on line 1651
[14-May-2019 21:36:05 UTC] PHP Warning:  Error while sending QUERY packet. PID=2215 in /app/public/wp-includes/wp-db.php on line 2007
[15-May-2019 15:50:16 UTC] PHP Parse error:  syntax error, unexpected 'return' (T_RETURN) in /app/public/wp-content/plugins/code-snippets/php/admin-menus/class-edit-menu.php(213) : eval()'d code on line 5
[15-May-2019 17:52:20 UTC] PHP Fatal error:  Uncaught Error: Call to undefined function dd_action() in /app/public/wp-content/plugins/Crazy/Crazy.php:9
Stack trace:
#0 /app/public/wp-settings.php(362): include_once()
#1 /app/public/wp-config.php(76): require_once('/app/public/wp-...')
#2 /app/public/wp-load.php(37): require_once('/app/public/wp-...')
#3 /app/public/wp-admin/admin-ajax.php(22): require_once('/app/public/wp-...')
#4 {main}
  thrown in /app/public/wp-content/plugins/Crazy/Crazy.php on line 9
[15-May-2019 17:53:20 UTC] PHP Fatal error:  Uncaught Error: Call to undefined function dd_action() in /app/public/wp-content/plugins/Crazy/Crazy.php:9
Stack trace:
#0 /app/public/wp-settings.php(362): include_once()
#1 /app/public/wp-config.php(76): require_once('/app/public/wp-...')
#2 /app/public/wp-load.php(37): require_once('/app/public/wp-...')
#3 /app/public/wp-admin/admin-ajax.php(22): require_once('/app/public/wp-...')
#4 {main}
  thrown in /app/public/wp-content/plugins/Crazy/Crazy.php on line 9
[15-May-2019 17:55:20 UTC] PHP Fatal error:  Uncaught Error: Call to undefined function dd_action() in /app/public/wp-content/plugins/Crazy/Crazy.php:9
Stack trace:
#0 /app/public/wp-settings.php(362): include_once()
#1 /app/public/wp-config.php(76): require_once('/app/public/wp-...')
#2 /app/public/wp-load.php(37): require_once('/app/public/wp-...')
#3 /app/public/wp-admin/admin-ajax.php(22): require_once('/app/public/wp-...')
#4 {main}
  thrown in /app/public/wp-content/plugins/Crazy/Crazy.php on line 9
[15-May-2019 17:57:20 UTC] PHP Fatal error:  Uncaught Error: Call to undefined function dd_action() in /app/public/wp-content/plugins/Crazy/Crazy.php:9
Stack trace:
#0 /app/public/wp-settings.php(362): include_once()
#1 /app/public/wp-config.php(76): require_once('/app/public/wp-...')
#2 /app/public/wp-load.php(37): require_once('/app/public/wp-...')
#3 /app/public/wp-admin/admin-ajax.php(22): require_once('/app/public/wp-...')
#4 {main}
  thrown in /app/public/wp-content/plugins/Crazy/Crazy.php on line 9
[15-May-2019 17:59:20 UTC] PHP Fatal error:  Uncaught Error: Call to undefined function dd_action() in /app/public/wp-content/plugins/Crazy/Crazy.php:9
Stack trace:
#0 /app/public/wp-settings.php(362): include_once()
#1 /app/public/wp-config.php(76): require_once('/app/public/wp-...')
#2 /app/public/wp-load.php(37): require_once('/app/public/wp-...')
#3 /app/public/wp-admin/admin-ajax.php(22): require_once('/app/public/wp-...')
#4 {main}
  thrown in /app/public/wp-content/plugins/Crazy/Crazy.php on line 9
[15-May-2019 18:01:20 UTC] PHP Fatal error:  Uncaught Error: Call to undefined function dd_action() in /app/public/wp-content/plugins/Crazy/Crazy.php:9
Stack trace:
#0 /app/public/wp-settings.php(362): include_once()
#1 /app/public/wp-config.php(76): require_once('/app/public/wp-...')
#2 /app/public/wp-load.php(37): require_once('/app/public/wp-...')
#3 /app/public/wp-admin/admin-ajax.php(22): require_once('/app/public/wp-...')
#4 {main}
  thrown in /app/public/wp-content/plugins/Crazy/Crazy.php on line 9
[15-May-2019 20:19:42 UTC] PHP Fatal error:  Uncaught Error: Call to undefined function dd_action() in /app/public/wp-content/plugins/Crazy/Crazy.php:9
Stack trace:
#0 /app/public/wp-settings.php(362): include_once()
#1 /app/public/wp-config.php(76): require_once('/app/public/wp-...')
#2 /app/public/wp-load.php(37): require_once('/app/public/wp-...')
#3 /app/public/wp-admin/admin-ajax.php(22): require_once('/app/public/wp-...')
#4 {main}
  thrown in /app/public/wp-content/plugins/Crazy/Crazy.php on line 9
[15-May-2019 20:20:42 UTC] PHP Fatal error:  Uncaught Error: Call to undefined function dd_action() in /app/public/wp-content/plugins/Crazy/Crazy.php:9
Stack trace:
#0 /app/public/wp-settings.php(362): include_once()
#1 /app/public/wp-config.php(76): require_once('/app/public/wp-...')
#2 /app/public/wp-load.php(37): require_once('/app/public/wp-...')
#3 /app/public/wp-admin/admin-ajax.php(22): require_once('/app/public/wp-...')
#4 {main}
  thrown in /app/public/wp-content/plugins/Crazy/Crazy.php on line 9
[15-May-2019 20:21:42 UTC] PHP Fatal error:  Uncaught Error: Call to undefined function dd_action() in /app/public/wp-content/plugins/Crazy/Crazy.php:9
Stack trace:
#0 /app/public/wp-settings.php(362): include_once()
#1 /app/public/wp-config.php(76): require_once('/app/public/wp-...')
#2 /app/public/wp-load.php(37): require_once('/app/public/wp-...')
#3 /app/public/wp-admin/admin-ajax.php(22): require_once('/app/public/wp-...')
#4 {main}
  thrown in /app/public/wp-content/plugins/Crazy/Crazy.php on line 9
[15-May-2019 20:23:42 UTC] PHP Fatal error:  Uncaught Error: Call to undefined function dd_action() in /app/public/wp-content/plugins/Crazy/Crazy.php:9
Stack trace:
#0 /app/public/wp-settings.php(362): include_once()
#1 /app/public/wp-config.php(76): require_once('/app/public/wp-...')
#2 /app/public/wp-load.php(37): require_once('/app/public/wp-...')
#3 /app/public/wp-admin/admin-ajax.php(22): require_once('/app/public/wp-...')
#4 {main}
  thrown in /app/public/wp-content/plugins/Crazy/Crazy.php on line 9
[15-May-2019 20:25:42 UTC] PHP Fatal error:  Uncaught Error: Call to undefined function dd_action() in /app/public/wp-content/plugins/Crazy/Crazy.php:9
Stack trace:
#0 /app/public/wp-settings.php(362): include_once()
#1 /app/public/wp-config.php(76): require_once('/app/public/wp-...')
#2 /app/public/wp-load.php(37): require_once('/app/public/wp-...')
#3 /app/public/wp-admin/admin-ajax.php(22): require_once('/app/public/wp-...')
#4 {main}
  thrown in /app/public/wp-content/plugins/Crazy/Crazy.php on line 9
[15-May-2019 20:27:42 UTC] PHP Fatal error:  Uncaught Error: Call to undefined function dd_action() in /app/public/wp-content/plugins/Crazy/Crazy.php:9
Stack trace:
#0 /app/public/wp-settings.php(362): include_once()
#1 /app/public/wp-config.php(76): require_once('/app/public/wp-...')
#2 /app/public/wp-load.php(37): require_once('/app/public/wp-...')
#3 /app/public/wp-admin/admin-ajax.php(22): require_once('/app/public/wp-...')
#4 {main}
  thrown in /app/public/wp-content/plugins/Crazy/Crazy.php on line 9
[15-May-2019 20:29:42 UTC] PHP Fatal error:  Uncaught Error: Call to undefined function dd_action() in /app/public/wp-content/plugins/Crazy/Crazy.php:9
Stack trace:
#0 /app/public/wp-settings.php(362): include_once()
#1 /app/public/wp-config.php(76): require_once('/app/public/wp-...')
#2 /app/public/wp-load.php(37): require_once('/app/public/wp-...')
#3 /app/public/wp-admin/admin-ajax.php(22): require_once('/app/public/wp-...')
#4 {main}
  thrown in /app/public/wp-content/plugins/Crazy/Crazy.php on line 9
[15-May-2019 20:31:42 UTC] PHP Fatal error:  Uncaught Error: Call to undefined function dd_action() in /app/public/wp-content/plugins/Crazy/Crazy.php:9
Stack trace:
#0 /app/public/wp-settings.php(362): include_once()
#1 /app/public/wp-config.php(76): require_once('/app/public/wp-...')
#2 /app/public/wp-load.php(37): require_once('/app/public/wp-...')
#3 /app/public/wp-admin/admin-ajax.php(22): require_once('/app/public/wp-...')
#4 {main}
  thrown in /app/public/wp-content/plugins/Crazy/Crazy.php on line 9
[15-May-2019 20:32:42 UTC] PHP Fatal error:  Uncaught Error: Call to undefined function dd_action() in /app/public/wp-content/plugins/Crazy/Crazy.php:9
Stack trace:
#0 /app/public/wp-settings.php(362): include_once()
#1 /app/public/wp-config.php(76): require_once('/app/public/wp-...')
#2 /app/public/wp-load.php(37): require_once('/app/public/wp-...')
#3 /app/public/wp-admin/admin-ajax.php(22): require_once('/app/public/wp-...')
#4 {main}
  thrown in /app/public/wp-content/plugins/Crazy/Crazy.php on line 9
[15-May-2019 20:33:42 UTC] PHP Fatal error:  Uncaught Error: Call to undefined function dd_action() in /app/public/wp-content/plugins/Crazy/Crazy.php:9
Stack trace:
#0 /app/public/wp-settings.php(362): include_once()
#1 /app/public/wp-config.php(76): require_once('/app/public/wp-...')
#2 /app/public/wp-load.php(37): require_once('/app/public/wp-...')
#3 /app/public/wp-admin/admin-ajax.php(22): require_once('/app/public/wp-...')
#4 {main}
  thrown in /app/public/wp-content/plugins/Crazy/Crazy.php on line 9
[15-May-2019 20:34:42 UTC] PHP Fatal error:  Uncaught Error: Call to undefined function dd_action() in /app/public/wp-content/plugins/Crazy/Crazy.php:9
Stack trace:
#0 /app/public/wp-settings.php(362): include_once()
#1 /app/public/wp-config.php(76): require_once('/app/public/wp-...')
#2 /app/public/wp-load.php(37): require_once('/app/public/wp-...')
#3 /app/public/wp-admin/admin-ajax.php(22): require_once('/app/public/wp-...')
#4 {main}
  thrown in /app/public/wp-content/plugins/Crazy/Crazy.php on line 9
[15-May-2019 20:35:42 UTC] PHP Fatal error:  Uncaught Error: Call to undefined function dd_action() in /app/public/wp-content/plugins/Crazy/Crazy.php:9
Stack trace:
#0 /app/public/wp-settings.php(362): include_once()
#1 /app/public/wp-config.php(76): require_once('/app/public/wp-...')
#2 /app/public/wp-load.php(37): require_once('/app/public/wp-...')
#3 /app/public/wp-admin/admin-ajax.php(22): require_once('/app/public/wp-...')
#4 {main}
  thrown in /app/public/wp-content/plugins/Crazy/Crazy.php on line 9
[15-May-2019 20:37:42 UTC] PHP Fatal error:  Uncaught Error: Call to undefined function dd_action() in /app/public/wp-content/plugins/Crazy/Crazy.php:9
Stack trace:
#0 /app/public/wp-settings.php(362): include_once()
#1 /app/public/wp-config.php(76): require_once('/app/public/wp-...')
#2 /app/public/wp-load.php(37): require_once('/app/public/wp-...')
#3 /app/public/wp-admin/admin-ajax.php(22): require_once('/app/public/wp-...')
#4 {main}
  thrown in /app/public/wp-content/plugins/Crazy/Crazy.php on line 9
[15-May-2019 20:38:42 UTC] PHP Fatal error:  Uncaught Error: Call to undefined function dd_action() in /app/public/wp-content/plugins/Crazy/Crazy.php:9
Stack trace:
#0 /app/public/wp-settings.php(362): include_once()
#1 /app/public/wp-config.php(76): require_once('/app/public/wp-...')
#2 /app/public/wp-load.php(37): require_once('/app/public/wp-...')
#3 /app/public/wp-admin/admin-ajax.php(22): require_once('/app/public/wp-...')
#4 {main}
  thrown in /app/public/wp-content/plugins/Crazy/Crazy.php on line 9
[15-May-2019 20:39:42 UTC] PHP Fatal error:  Uncaught Error: Call to undefined function dd_action() in /app/public/wp-content/plugins/Crazy/Crazy.php:9
Stack trace:
#0 /app/public/wp-settings.php(362): include_once()
#1 /app/public/wp-config.php(76): require_once('/app/public/wp-...')
#2 /app/public/wp-load.php(37): require_once('/app/public/wp-...')
#3 /app/public/wp-admin/admin-ajax.php(22): require_once('/app/public/wp-...')
#4 {main}
  thrown in /app/public/wp-content/plugins/Crazy/Crazy.php on line 9
[15-May-2019 20:41:42 UTC] PHP Fatal error:  Uncaught Error: Call to undefined function dd_action() in /app/public/wp-content/plugins/Crazy/Crazy.php:9
Stack trace:
#0 /app/public/wp-settings.php(362): include_once()
#1 /app/public/wp-config.php(76): require_once('/app/public/wp-...')
#2 /app/public/wp-load.php(37): require_once('/app/public/wp-...')
#3 /app/public/wp-admin/admin-ajax.php(22): require_once('/app/public/wp-...')
#4 {main}
  thrown in /app/public/wp-content/plugins/Crazy/Crazy.php on line 9
[15-May-2019 20:43:42 UTC] PHP Fatal error:  Uncaught Error: Call to undefined function dd_action() in /app/public/wp-content/plugins/Crazy/Crazy.php:9
Stack trace:
#0 /app/public/wp-settings.php(362): include_once()
#1 /app/public/wp-config.php(76): require_once('/app/public/wp-...')
#2 /app/public/wp-load.php(37): require_once('/app/public/wp-...')
#3 /app/public/wp-admin/admin-ajax.php(22): require_once('/app/public/wp-...')
#4 {main}
  thrown in /app/public/wp-content/plugins/Crazy/Crazy.php on line 9
[15-May-2019 20:45:00 UTC] PHP Fatal error:  Uncaught Error: Call to undefined function dd_action() in /app/public/wp-content/plugins/Crazy/Crazy.php:9
Stack trace:
#0 /app/public/wp-settings.php(362): include_once()
#1 /app/public/wp-config.php(76): require_once('/app/public/wp-...')
#2 /app/public/wp-load.php(37): require_once('/app/public/wp-...')
#3 /app/public/wp-admin/admin-ajax.php(22): require_once('/app/public/wp-...')
#4 {main}
  thrown in /app/public/wp-content/plugins/Crazy/Crazy.php on line 9
[15-May-2019 20:46:00 UTC] PHP Fatal error:  Uncaught Error: Call to undefined function dd_action() in /app/public/wp-content/plugins/Crazy/Crazy.php:9
Stack trace:
#0 /app/public/wp-settings.php(362): include_once()
#1 /app/public/wp-config.php(76): require_once('/app/public/wp-...')
#2 /app/public/wp-load.php(37): require_once('/app/public/wp-...')
#3 /app/public/wp-admin/admin-ajax.php(22): require_once('/app/public/wp-...')
#4 {main}
  thrown in /app/public/wp-content/plugins/Crazy/Crazy.php on line 9
[15-May-2019 20:47:58 UTC] PHP Fatal error:  Uncaught Error: Call to undefined function dd_action() in /app/public/wp-content/plugins/Crazy/Crazy.php:9
Stack trace:
#0 /app/public/wp-settings.php(362): include_once()
#1 /app/public/wp-config.php(76): require_once('/app/public/wp-...')
#2 /app/public/wp-load.php(37): require_once('/app/public/wp-...')
#3 /app/public/wp-admin/admin-ajax.php(22): require_once('/app/public/wp-...')
#4 {main}
  thrown in /app/public/wp-content/plugins/Crazy/Crazy.php on line 9
[15-May-2019 20:48:58 UTC] PHP Fatal error:  Uncaught Error: Call to undefined function dd_action() in /app/public/wp-content/plugins/Crazy/Crazy.php:9
Stack trace:
#0 /app/public/wp-settings.php(362): include_once()
#1 /app/public/wp-config.php(76): require_once('/app/public/wp-...')
#2 /app/public/wp-load.php(37): require_once('/app/public/wp-...')
#3 /app/public/wp-admin/admin-ajax.php(22): require_once('/app/public/wp-...')
#4 {main}
  thrown in /app/public/wp-content/plugins/Crazy/Crazy.php on line 9
[15-May-2019 20:49:58 UTC] PHP Fatal error:  Uncaught Error: Call to undefined function dd_action() in /app/public/wp-content/plugins/Crazy/Crazy.php:9
Stack trace:
#0 /app/public/wp-settings.php(362): include_once()
#1 /app/public/wp-config.php(76): require_once('/app/public/wp-...')
#2 /app/public/wp-load.php(37): require_once('/app/public/wp-...')
#3 /app/public/wp-admin/admin-ajax.php(22): require_once('/app/public/wp-...')
#4 {main}
  thrown in /app/public/wp-content/plugins/Crazy/Crazy.php on line 9
[15-May-2019 20:50:58 UTC] PHP Fatal error:  Uncaught Error: Call to undefined function dd_action() in /app/public/wp-content/plugins/Crazy/Crazy.php:9
Stack trace:
#0 /app/public/wp-settings.php(362): include_once()
#1 /app/public/wp-config.php(76): require_once('/app/public/wp-...')
#2 /app/public/wp-load.php(37): require_once('/app/public/wp-...')
#3 /app/public/wp-admin/admin-ajax.php(22): require_once('/app/public/wp-...')
#4 {main}
  thrown in /app/public/wp-content/plugins/Crazy/Crazy.php on line 9
[15-May-2019 20:52:58 UTC] PHP Fatal error:  Uncaught Error: Call to undefined function dd_action() in /app/public/wp-content/plugins/Crazy/Crazy.php:9
Stack trace:
#0 /app/public/wp-settings.php(362): include_once()
#1 /app/public/wp-config.php(76): require_once('/app/public/wp-...')
#2 /app/public/wp-load.php(37): require_once('/app/public/wp-...')
#3 /app/public/wp-admin/admin-ajax.php(22): require_once('/app/public/wp-...')
#4 {main}
  thrown in /app/public/wp-content/plugins/Crazy/Crazy.php on line 9
[15-May-2019 20:53:25 UTC] PHP Fatal error:  Uncaught Error: Call to undefined function dd_action() in /app/public/wp-content/plugins/Crazy/Crazy.php:9
Stack trace:
#0 /app/public/wp-settings.php(362): include_once()
#1 /app/public/wp-config.php(76): require_once('/app/public/wp-...')
#2 /app/public/wp-load.php(37): require_once('/app/public/wp-...')
#3 /app/public/wp-blog-header.php(13): require_once('/app/public/wp-...')
#4 /app/public/index.php(17): require('/app/public/wp-...')
#5 {main}
  thrown in /app/public/wp-content/plugins/Crazy/Crazy.php on line 9
[15-May-2019 20:55:06 UTC] PHP Warning:  call_user_func_array() expects parameter 1 to be a valid callback, function 'myplugin_cation_hook_example' not found or invalid function name in /app/public/wp-includes/class-wp-hook.php on line 286
[15-May-2019 20:55:06 UTC] PHP Warning:  call_user_func_array() expects parameter 1 to be a valid callback, function 'myplugin_cation_hook_example' not found or invalid function name in /app/public/wp-includes/class-wp-hook.php on line 286
[15-May-2019 20:55:29 UTC] PHP Warning:  call_user_func_array() expects parameter 1 to be a valid callback, function 'myplugin_cation_hook_example' not found or invalid function name in /app/public/wp-includes/class-wp-hook.php on line 286
[15-May-2019 20:56:05 UTC] PHP Warning:  call_user_func_array() expects parameter 1 to be a valid callback, function 'myplugin_cation_hook_example' not found or invalid function name in /app/public/wp-includes/class-wp-hook.php on line 286
[15-May-2019 20:57:07 UTC] PHP Warning:  call_user_func_array() expects parameter 1 to be a valid callback, function 'myplugin_cation_hook_example' not found or invalid function name in /app/public/wp-includes/class-wp-hook.php on line 286
[15-May-2019 20:57:47 UTC] PHP Warning:  call_user_func_array() expects parameter 1 to be a valid callback, function 'myplugin_cation_hook_example' not found or invalid function name in /app/public/wp-includes/class-wp-hook.php on line 286
[15-May-2019 20:58:48 UTC] PHP Warning:  call_user_func_array() expects parameter 1 to be a valid callback, function 'myplugin_cation_hook_example' not found or invalid function name in /app/public/wp-includes/class-wp-hook.php on line 286
[15-May-2019 21:00:58 UTC] PHP Warning:  call_user_func_array() expects parameter 1 to be a valid callback, function 'myplugin_cation_hook_example' not found or invalid function name in /app/public/wp-includes/class-wp-hook.php on line 286
[15-May-2019 21:00:58 UTC] PHP Warning:  Use of undefined constant console - assumed 'console' (this will throw an Error in a future version of PHP) in /app/public/wp-content/plugins/Crazy/Crazy.php on line 17
[15-May-2019 21:00:58 UTC] PHP Warning:  log() expects parameter 1 to be float, string given in /app/public/wp-content/plugins/Crazy/Crazy.php on line 17
[15-May-2019 21:00:58 UTC] PHP Warning:  Use of undefined constant console - assumed 'console' (this will throw an Error in a future version of PHP) in /app/public/wp-content/plugins/Crazy/Crazy.php on line 17
[15-May-2019 21:00:58 UTC] PHP Warning:  log() expects parameter 1 to be float, string given in /app/public/wp-content/plugins/Crazy/Crazy.php on line 17
[15-May-2019 21:00:58 UTC] PHP Warning:  Use of undefined constant console - assumed 'console' (this will throw an Error in a future version of PHP) in /app/public/wp-content/plugins/Crazy/Crazy.php on line 17
[15-May-2019 21:00:58 UTC] PHP Warning:  log() expects parameter 1 to be float, string given in /app/public/wp-content/plugins/Crazy/Crazy.php on line 17
[15-May-2019 21:02:06 UTC] PHP Warning:  Use of undefined constant console - assumed 'console' (this will throw an Error in a future version of PHP) in /app/public/wp-content/plugins/Crazy/Crazy.php on line 15
[15-May-2019 21:02:06 UTC] PHP Warning:  log() expects parameter 1 to be float, string given in /app/public/wp-content/plugins/Crazy/Crazy.php on line 15
[15-May-2019 21:02:06 UTC] PHP Warning:  call_user_func_array() expects parameter 1 to be a valid callback, function 'myplugin_cation_hook_example' not found or invalid function name in /app/public/wp-includes/class-wp-hook.php on line 286
[15-May-2019 21:02:06 UTC] PHP Warning:  Use of undefined constant console - assumed 'console' (this will throw an Error in a future version of PHP) in /app/public/wp-content/plugins/Crazy/Crazy.php on line 18
[15-May-2019 21:02:06 UTC] PHP Warning:  log() expects parameter 1 to be float, string given in /app/public/wp-content/plugins/Crazy/Crazy.php on line 18
[15-May-2019 21:02:06 UTC] PHP Warning:  Use of undefined constant console - assumed 'console' (this will throw an Error in a future version of PHP) in /app/public/wp-content/plugins/Crazy/Crazy.php on line 18
[15-May-2019 21:02:06 UTC] PHP Warning:  log() expects parameter 1 to be float, string given in /app/public/wp-content/plugins/Crazy/Crazy.php on line 18
[15-May-2019 21:02:06 UTC] PHP Warning:  Use of undefined constant console - assumed 'console' (this will throw an Error in a future version of PHP) in /app/public/wp-content/plugins/Crazy/Crazy.php on line 18
[15-May-2019 21:02:06 UTC] PHP Warning:  log() expects parameter 1 to be float, string given in /app/public/wp-content/plugins/Crazy/Crazy.php on line 18
[15-May-2019 21:03:03 UTC] PHP Warning:  Use of undefined constant console - assumed 'console' (this will throw an Error in a future version of PHP) in /app/public/wp-content/plugins/Crazy/Crazy.php on line 15
[15-May-2019 21:03:03 UTC] PHP Warning:  log() expects parameter 1 to be float, string given in /app/public/wp-content/plugins/Crazy/Crazy.php on line 15
[15-May-2019 21:03:04 UTC] PHP Warning:  call_user_func_array() expects parameter 1 to be a valid callback, function 'myplugin_cation_hook_example' not found or invalid function name in /app/public/wp-includes/class-wp-hook.php on line 286
[15-May-2019 21:03:04 UTC] PHP Warning:  Use of undefined constant console - assumed 'console' (this will throw an Error in a future version of PHP) in /app/public/wp-content/plugins/Crazy/Crazy.php on line 18
[15-May-2019 21:03:04 UTC] PHP Warning:  log() expects parameter 1 to be float, string given in /app/public/wp-content/plugins/Crazy/Crazy.php on line 18
[15-May-2019 21:03:04 UTC] PHP Warning:  Use of undefined constant console - assumed 'console' (this will throw an Error in a future version of PHP) in /app/public/wp-content/plugins/Crazy/Crazy.php on line 18
[15-May-2019 21:03:04 UTC] PHP Warning:  log() expects parameter 1 to be float, string given in /app/public/wp-content/plugins/Crazy/Crazy.php on line 18
[15-May-2019 21:03:08 UTC] PHP Warning:  Use of undefined constant console - assumed 'console' (this will throw an Error in a future version of PHP) in /app/public/wp-content/plugins/Crazy/Crazy.php on line 15
[15-May-2019 21:03:08 UTC] PHP Warning:  log() expects parameter 1 to be float, string given in /app/public/wp-content/plugins/Crazy/Crazy.php on line 15
[15-May-2019 21:03:08 UTC] PHP Warning:  Use of undefined constant console - assumed 'console' (this will throw an Error in a future version of PHP) in /app/public/wp-content/plugins/Crazy/Crazy.php on line 15
[15-May-2019 21:03:08 UTC] PHP Warning:  log() expects parameter 1 to be float, string given in /app/public/wp-content/plugins/Crazy/Crazy.php on line 15
[15-May-2019 21:03:08 UTC] PHP Warning:  call_user_func_array() expects parameter 1 to be a valid callback, function 'myplugin_cation_hook_example' not found or invalid function name in /app/public/wp-includes/class-wp-hook.php on line 286
[15-May-2019 21:03:08 UTC] PHP Warning:  call_user_func_array() expects parameter 1 to be a valid callback, function 'myplugin_cation_hook_example' not found or invalid function name in /app/public/wp-includes/class-wp-hook.php on line 286
[15-May-2019 21:04:09 UTC] PHP Warning:  call_user_func_array() expects parameter 1 to be a valid callback, function 'myplugin_cation_hook_example' not found or invalid function name in /app/public/wp-includes/class-wp-hook.php on line 286
[15-May-2019 21:05:39 UTC] PHP Warning:  call_user_func_array() expects parameter 1 to be a valid callback, function 'myplugin_cation_hook_example' not found or invalid function name in /app/public/wp-includes/class-wp-hook.php on line 286
[15-May-2019 21:06:01 UTC] PHP Warning:  call_user_func_array() expects parameter 1 to be a valid callback, function 'myplugin_cation_hook_example' not found or invalid function name in /app/public/wp-includes/class-wp-hook.php on line 286
[15-May-2019 21:06:02 UTC] PHP Warning:  Use of undefined constant console - assumed 'console' (this will throw an Error in a future version of PHP) in /app/public/wp-content/plugins/Crazy/Crazy.php on line 17
[15-May-2019 21:06:02 UTC] PHP Warning:  log() expects parameter 1 to be float, string given in /app/public/wp-content/plugins/Crazy/Crazy.php on line 17
[15-May-2019 21:06:02 UTC] PHP Warning:  Use of undefined constant console - assumed 'console' (this will throw an Error in a future version of PHP) in /app/public/wp-content/plugins/Crazy/Crazy.php on line 17
[15-May-2019 21:06:02 UTC] PHP Warning:  log() expects parameter 1 to be float, string given in /app/public/wp-content/plugins/Crazy/Crazy.php on line 17
[15-May-2019 21:06:02 UTC] PHP Warning:  Use of undefined constant console - assumed 'console' (this will throw an Error in a future version of PHP) in /app/public/wp-content/plugins/Crazy/Crazy.php on line 17
[15-May-2019 21:06:02 UTC] PHP Warning:  log() expects parameter 1 to be float, string given in /app/public/wp-content/plugins/Crazy/Crazy.php on line 17
[15-May-2019 21:06:39 UTC] PHP Warning:  call_user_func_array() expects parameter 1 to be a valid callback, function 'myplugin_cation_hook_example' not found or invalid function name in /app/public/wp-includes/class-wp-hook.php on line 286
[15-May-2019 21:08:05 UTC] PHP Warning:  call_user_func_array() expects parameter 1 to be a valid callback, function 'myplugin_cation_hook_example' not found or invalid function name in /app/public/wp-includes/class-wp-hook.php on line 286
[15-May-2019 21:09:05 UTC] PHP Warning:  Use of undefined constant console - assumed 'console' (this will throw an Error in a future version of PHP) in /app/public/wp-content/plugins/Crazy/Crazy.php on line 12
[15-May-2019 21:09:05 UTC] PHP Warning:  log() expects parameter 1 to be float, string given in /app/public/wp-content/plugins/Crazy/Crazy.php on line 12
[15-May-2019 21:09:05 UTC] PHP Warning:  Use of undefined constant console - assumed 'console' (this will throw an Error in a future version of PHP) in /app/public/wp-content/plugins/Crazy/Crazy.php on line 12
[15-May-2019 21:09:05 UTC] PHP Warning:  log() expects parameter 1 to be float, string given in /app/public/wp-content/plugins/Crazy/Crazy.php on line 12
[15-May-2019 21:09:05 UTC] PHP Warning:  Use of undefined constant console - assumed 'console' (this will throw an Error in a future version of PHP) in /app/public/wp-content/plugins/Crazy/Crazy.php on line 12
[15-May-2019 21:09:05 UTC] PHP Warning:  log() expects parameter 1 to be float, string given in /app/public/wp-content/plugins/Crazy/Crazy.php on line 12
[15-May-2019 21:09:22 UTC] PHP Warning:  Use of undefined constant console - assumed 'console' (this will throw an Error in a future version of PHP) in /app/public/wp-content/plugins/Crazy/Crazy.php on line 12
[15-May-2019 21:09:22 UTC] PHP Warning:  log() expects parameter 1 to be float, string given in /app/public/wp-content/plugins/Crazy/Crazy.php on line 12
[15-May-2019 21:09:22 UTC] PHP Warning:  Use of undefined constant console - assumed 'console' (this will throw an Error in a future version of PHP) in /app/public/wp-content/plugins/Crazy/Crazy.php on line 12
[15-May-2019 21:09:22 UTC] PHP Warning:  log() expects parameter 1 to be float, string given in /app/public/wp-content/plugins/Crazy/Crazy.php on line 12
[15-May-2019 21:09:22 UTC] PHP Warning:  Use of undefined constant console - assumed 'console' (this will throw an Error in a future version of PHP) in /app/public/wp-content/plugins/Crazy/Crazy.php on line 12
[15-May-2019 21:09:22 UTC] PHP Warning:  log() expects parameter 1 to be float, string given in /app/public/wp-content/plugins/Crazy/Crazy.php on line 12
[15-May-2019 21:09:41 UTC] PHP Warning:  Use of undefined constant console - assumed 'console' (this will throw an Error in a future version of PHP) in /app/public/wp-content/plugins/Crazy/Crazy.php on line 12
[15-May-2019 21:09:41 UTC] PHP Warning:  log() expects parameter 1 to be float, string given in /app/public/wp-content/plugins/Crazy/Crazy.php on line 12
[15-May-2019 21:09:41 UTC] PHP Warning:  Use of undefined constant console - assumed 'console' (this will throw an Error in a future version of PHP) in /app/public/wp-content/plugins/Crazy/Crazy.php on line 12
[15-May-2019 21:09:41 UTC] PHP Warning:  log() expects parameter 1 to be float, string given in /app/public/wp-content/plugins/Crazy/Crazy.php on line 12
[15-May-2019 21:09:41 UTC] PHP Warning:  Use of undefined constant console - assumed 'console' (this will throw an Error in a future version of PHP) in /app/public/wp-content/plugins/Crazy/Crazy.php on line 12
[15-May-2019 21:09:41 UTC] PHP Warning:  log() expects parameter 1 to be float, string given in /app/public/wp-content/plugins/Crazy/Crazy.php on line 12
[15-May-2019 21:10:42 UTC] PHP Warning:  Use of undefined constant console - assumed 'console' (this will throw an Error in a future version of PHP) in /app/public/wp-content/plugins/Crazy/Crazy.php on line 12
[15-May-2019 21:10:42 UTC] PHP Warning:  log() expects parameter 1 to be float, string given in /app/public/wp-content/plugins/Crazy/Crazy.php on line 12
[15-May-2019 21:10:42 UTC] PHP Warning:  Use of undefined constant console - assumed 'console' (this will throw an Error in a future version of PHP) in /app/public/wp-content/plugins/Crazy/Crazy.php on line 12
[15-May-2019 21:10:42 UTC] PHP Warning:  log() expects parameter 1 to be float, string given in /app/public/wp-content/plugins/Crazy/Crazy.php on line 12
[15-May-2019 21:10:42 UTC] PHP Warning:  Use of undefined constant console - assumed 'console' (this will throw an Error in a future version of PHP) in /app/public/wp-content/plugins/Crazy/Crazy.php on line 12
[15-May-2019 21:10:42 UTC] PHP Warning:  log() expects parameter 1 to be float, string given in /app/public/wp-content/plugins/Crazy/Crazy.php on line 12
[15-May-2019 21:11:31 UTC] PHP Warning:  Use of undefined constant console - assumed 'console' (this will throw an Error in a future version of PHP) in /app/public/wp-content/plugins/Crazy/Crazy.php on line 12
[15-May-2019 21:11:31 UTC] PHP Warning:  log() expects parameter 1 to be float, string given in /app/public/wp-content/plugins/Crazy/Crazy.php on line 12
[15-May-2019 21:11:32 UTC] PHP Warning:  Use of undefined constant console - assumed 'console' (this will throw an Error in a future version of PHP) in /app/public/wp-content/plugins/Crazy/Crazy.php on line 12
[15-May-2019 21:11:32 UTC] PHP Warning:  log() expects parameter 1 to be float, string given in /app/public/wp-content/plugins/Crazy/Crazy.php on line 12
[15-May-2019 21:11:32 UTC] PHP Warning:  Use of undefined constant console - assumed 'console' (this will throw an Error in a future version of PHP) in /app/public/wp-content/plugins/Crazy/Crazy.php on line 12
[15-May-2019 21:11:32 UTC] PHP Warning:  log() expects parameter 1 to be float, string given in /app/public/wp-content/plugins/Crazy/Crazy.php on line 12
[15-May-2019 21:13:59 UTC] PHP Warning:  Use of undefined constant console - assumed 'console' (this will throw an Error in a future version of PHP) in /app/public/wp-content/plugins/Crazy/Crazy.php on line 12
[15-May-2019 21:13:59 UTC] PHP Warning:  log() expects parameter 1 to be float, string given in /app/public/wp-content/plugins/Crazy/Crazy.php on line 12
[15-May-2019 21:13:59 UTC] PHP Warning:  Use of undefined constant console - assumed 'console' (this will throw an Error in a future version of PHP) in /app/public/wp-content/plugins/Crazy/Crazy.php on line 12
[15-May-2019 21:13:59 UTC] PHP Warning:  log() expects parameter 1 to be float, string given in /app/public/wp-content/plugins/Crazy/Crazy.php on line 12
[15-May-2019 21:13:59 UTC] PHP Warning:  Use of undefined constant console - assumed 'console' (this will throw an Error in a future version of PHP) in /app/public/wp-content/plugins/Crazy/Crazy.php on line 12
[15-May-2019 21:13:59 UTC] PHP Warning:  log() expects parameter 1 to be float, string given in /app/public/wp-content/plugins/Crazy/Crazy.php on line 12
[15-May-2019 21:29:43 UTC] PHP Warning:  Use of undefined constant console - assumed 'console' (this will throw an Error in a future version of PHP) in /app/public/wp-content/plugins/Crazy/Crazy.php on line 12
[15-May-2019 21:29:43 UTC] PHP Warning:  log() expects parameter 1 to be float, string given in /app/public/wp-content/plugins/Crazy/Crazy.php on line 12
[15-May-2019 21:29:43 UTC] PHP Warning:  Use of undefined constant console - assumed 'console' (this will throw an Error in a future version of PHP) in /app/public/wp-content/plugins/Crazy/Crazy.php on line 12
[15-May-2019 21:29:43 UTC] PHP Warning:  log() expects parameter 1 to be float, string given in /app/public/wp-content/plugins/Crazy/Crazy.php on line 12
[15-May-2019 21:29:43 UTC] PHP Warning:  Use of undefined constant console - assumed 'console' (this will throw an Error in a future version of PHP) in /app/public/wp-content/plugins/Crazy/Crazy.php on line 12
[15-May-2019 21:29:43 UTC] PHP Warning:  log() expects parameter 1 to be float, string given in /app/public/wp-content/plugins/Crazy/Crazy.php on line 12
[15-May-2019 21:30:00 UTC] PHP Warning:  Use of undefined constant console - assumed 'console' (this will throw an Error in a future version of PHP) in /app/public/wp-content/plugins/Crazy/Crazy.php on line 12
[15-May-2019 21:30:00 UTC] PHP Warning:  log() expects parameter 1 to be float, string given in /app/public/wp-content/plugins/Crazy/Crazy.php on line 12
[15-May-2019 21:30:00 UTC] PHP Warning:  Use of undefined constant console - assumed 'console' (this will throw an Error in a future version of PHP) in /app/public/wp-content/plugins/Crazy/Crazy.php on line 12
[15-May-2019 21:30:00 UTC] PHP Warning:  log() expects parameter 1 to be float, string given in /app/public/wp-content/plugins/Crazy/Crazy.php on line 12
[15-May-2019 21:30:00 UTC] PHP Warning:  Use of undefined constant console - assumed 'console' (this will throw an Error in a future version of PHP) in /app/public/wp-content/plugins/Crazy/Crazy.php on line 12
[15-May-2019 21:30:00 UTC] PHP Warning:  log() expects parameter 1 to be float, string given in /app/public/wp-content/plugins/Crazy/Crazy.php on line 12
[15-May-2019 21:30:04 UTC] PHP Warning:  Use of undefined constant console - assumed 'console' (this will throw an Error in a future version of PHP) in /app/public/wp-content/plugins/Crazy/Crazy.php on line 12
[15-May-2019 21:30:04 UTC] PHP Warning:  log() expects parameter 1 to be float, string given in /app/public/wp-content/plugins/Crazy/Crazy.php on line 12
[15-May-2019 21:30:04 UTC] PHP Warning:  Use of undefined constant console - assumed 'console' (this will throw an Error in a future version of PHP) in /app/public/wp-content/plugins/Crazy/Crazy.php on line 12
[15-May-2019 21:30:04 UTC] PHP Warning:  log() expects parameter 1 to be float, string given in /app/public/wp-content/plugins/Crazy/Crazy.php on line 12
[15-May-2019 21:30:04 UTC] PHP Warning:  Use of undefined constant console - assumed 'console' (this will throw an Error in a future version of PHP) in /app/public/wp-content/plugins/Crazy/Crazy.php on line 12
[15-May-2019 21:30:04 UTC] PHP Warning:  log() expects parameter 1 to be float, string given in /app/public/wp-content/plugins/Crazy/Crazy.php on line 12
[15-May-2019 21:33:56 UTC] PHP Warning:  Use of undefined constant console - assumed 'console' (this will throw an Error in a future version of PHP) in /app/public/wp-content/plugins/Crazy/Crazy.php on line 12
[15-May-2019 21:33:56 UTC] PHP Warning:  log() expects parameter 1 to be float, string given in /app/public/wp-content/plugins/Crazy/Crazy.php on line 12
[15-May-2019 21:46:32 UTC] PHP Warning:  Use of undefined constant console - assumed 'console' (this will throw an Error in a future version of PHP) in /app/public/wp-content/plugins/Crazy/Crazy.php on line 12
[15-May-2019 21:46:32 UTC] PHP Warning:  log() expects parameter 1 to be float, string given in /app/public/wp-content/plugins/Crazy/Crazy.php on line 12
[15-May-2019 21:46:32 UTC] PHP Warning:  Use of undefined constant console - assumed 'console' (this will throw an Error in a future version of PHP) in /app/public/wp-content/plugins/Crazy/Crazy.php on line 12
[15-May-2019 21:46:32 UTC] PHP Warning:  log() expects parameter 1 to be float, string given in /app/public/wp-content/plugins/Crazy/Crazy.php on line 12
[15-May-2019 21:46:32 UTC] PHP Warning:  Use of undefined constant console - assumed 'console' (this will throw an Error in a future version of PHP) in /app/public/wp-content/plugins/Crazy/Crazy.php on line 12
[15-May-2019 21:46:32 UTC] PHP Warning:  log() expects parameter 1 to be float, string given in /app/public/wp-content/plugins/Crazy/Crazy.php on line 12
[15-May-2019 21:48:16 UTC] PHP Warning:  Use of undefined constant console - assumed 'console' (this will throw an Error in a future version of PHP) in /app/public/wp-content/plugins/Crazy/Crazy.php on line 12
[15-May-2019 21:48:16 UTC] PHP Warning:  log() expects parameter 1 to be float, string given in /app/public/wp-content/plugins/Crazy/Crazy.php on line 12
[15-May-2019 21:48:16 UTC] PHP Warning:  Use of undefined constant console - assumed 'console' (this will throw an Error in a future version of PHP) in /app/public/wp-content/plugins/Crazy/Crazy.php on line 12
[15-May-2019 21:48:16 UTC] PHP Warning:  log() expects parameter 1 to be float, string given in /app/public/wp-content/plugins/Crazy/Crazy.php on line 12
[15-May-2019 21:48:16 UTC] PHP Warning:  Use of undefined constant console - assumed 'console' (this will throw an Error in a future version of PHP) in /app/public/wp-content/plugins/Crazy/Crazy.php on line 12
[15-May-2019 21:48:16 UTC] PHP Warning:  log() expects parameter 1 to be float, string given in /app/public/wp-content/plugins/Crazy/Crazy.php on line 12
[15-May-2019 21:50:28 UTC] PHP Warning:  Use of undefined constant console - assumed 'console' (this will throw an Error in a future version of PHP) in /app/public/wp-content/plugins/Crazy/Crazy.php on line 12
[15-May-2019 21:50:28 UTC] PHP Warning:  log() expects parameter 1 to be float, string given in /app/public/wp-content/plugins/Crazy/Crazy.php on line 12
[15-May-2019 21:50:28 UTC] PHP Warning:  Use of undefined constant console - assumed 'console' (this will throw an Error in a future version of PHP) in /app/public/wp-content/plugins/Crazy/Crazy.php on line 12
[15-May-2019 21:50:28 UTC] PHP Warning:  log() expects parameter 1 to be float, string given in /app/public/wp-content/plugins/Crazy/Crazy.php on line 12
[15-May-2019 21:50:28 UTC] PHP Warning:  Use of undefined constant console - assumed 'console' (this will throw an Error in a future version of PHP) in /app/public/wp-content/plugins/Crazy/Crazy.php on line 12
[15-May-2019 21:50:28 UTC] PHP Warning:  log() expects parameter 1 to be float, string given in /app/public/wp-content/plugins/Crazy/Crazy.php on line 12
[15-May-2019 21:51:57 UTC] PHP Warning:  Use of undefined constant console - assumed 'console' (this will throw an Error in a future version of PHP) in /app/public/wp-content/plugins/Crazy/Crazy.php on line 12
[15-May-2019 21:51:57 UTC] PHP Warning:  log() expects parameter 1 to be float, string given in /app/public/wp-content/plugins/Crazy/Crazy.php on line 12
[15-May-2019 21:51:58 UTC] PHP Warning:  Use of undefined constant console - assumed 'console' (this will throw an Error in a future version of PHP) in /app/public/wp-content/plugins/Crazy/Crazy.php on line 12
[15-May-2019 21:51:58 UTC] PHP Warning:  log() expects parameter 1 to be float, string given in /app/public/wp-content/plugins/Crazy/Crazy.php on line 12
[15-May-2019 21:51:58 UTC] PHP Warning:  Use of undefined constant console - assumed 'console' (this will throw an Error in a future version of PHP) in /app/public/wp-content/plugins/Crazy/Crazy.php on line 12
[15-May-2019 21:51:58 UTC] PHP Warning:  log() expects parameter 1 to be float, string given in /app/public/wp-content/plugins/Crazy/Crazy.php on line 12
[16-May-2019 14:04:36 UTC] PHP Warning:  Use of undefined constant console - assumed 'console' (this will throw an Error in a future version of PHP) in /app/public/wp-content/plugins/Crazy/Crazy.php on line 12
[16-May-2019 14:04:36 UTC] PHP Warning:  log() expects parameter 1 to be float, string given in /app/public/wp-content/plugins/Crazy/Crazy.php on line 12
[16-May-2019 14:04:37 UTC] PHP Warning:  Use of undefined constant console - assumed 'console' (this will throw an Error in a future version of PHP) in /app/public/wp-content/plugins/Crazy/Crazy.php on line 12
[16-May-2019 14:04:37 UTC] PHP Warning:  log() expects parameter 1 to be float, string given in /app/public/wp-content/plugins/Crazy/Crazy.php on line 12
[16-May-2019 14:04:37 UTC] PHP Warning:  Use of undefined constant console - assumed 'console' (this will throw an Error in a future version of PHP) in /app/public/wp-content/plugins/Crazy/Crazy.php on line 12
[16-May-2019 14:04:37 UTC] PHP Warning:  log() expects parameter 1 to be float, string given in /app/public/wp-content/plugins/Crazy/Crazy.php on line 12
[16-May-2019 14:05:40 UTC] PHP Warning:  Use of undefined constant console - assumed 'console' (this will throw an Error in a future version of PHP) in /app/public/wp-content/plugins/Crazy/Crazy.php on line 12
[16-May-2019 14:05:40 UTC] PHP Warning:  log() expects parameter 1 to be float, string given in /app/public/wp-content/plugins/Crazy/Crazy.php on line 12
[16-May-2019 14:05:40 UTC] PHP Warning:  Use of undefined constant console - assumed 'console' (this will throw an Error in a future version of PHP) in /app/public/wp-content/plugins/Crazy/Crazy.php on line 12
[16-May-2019 14:05:40 UTC] PHP Warning:  log() expects parameter 1 to be float, string given in /app/public/wp-content/plugins/Crazy/Crazy.php on line 12
[16-May-2019 14:05:46 UTC] PHP Warning:  Use of undefined constant console - assumed 'console' (this will throw an Error in a future version of PHP) in /app/public/wp-content/plugins/Crazy/Crazy.php on line 12
[16-May-2019 14:05:46 UTC] PHP Warning:  log() expects parameter 1 to be float, string given in /app/public/wp-content/plugins/Crazy/Crazy.php on line 12
[16-May-2019 14:05:46 UTC] PHP Warning:  Use of undefined constant console - assumed 'console' (this will throw an Error in a future version of PHP) in /app/public/wp-content/plugins/Crazy/Crazy.php on line 12
[16-May-2019 14:05:46 UTC] PHP Warning:  log() expects parameter 1 to be float, string given in /app/public/wp-content/plugins/Crazy/Crazy.php on line 12
[16-May-2019 14:06:03 UTC] PHP Warning:  Use of undefined constant console - assumed 'console' (this will throw an Error in a future version of PHP) in /app/public/wp-content/plugins/Crazy/Crazy.php on line 12
[16-May-2019 14:06:03 UTC] PHP Warning:  log() expects parameter 1 to be float, string given in /app/public/wp-content/plugins/Crazy/Crazy.php on line 12
[16-May-2019 14:06:03 UTC] PHP Warning:  Use of undefined constant console - assumed 'console' (this will throw an Error in a future version of PHP) in /app/public/wp-content/plugins/Crazy/Crazy.php on line 12
[16-May-2019 14:06:03 UTC] PHP Warning:  log() expects parameter 1 to be float, string given in /app/public/wp-content/plugins/Crazy/Crazy.php on line 12
[16-May-2019 14:06:03 UTC] PHP Warning:  Use of undefined constant console - assumed 'console' (this will throw an Error in a future version of PHP) in /app/public/wp-content/plugins/Crazy/Crazy.php on line 12
[16-May-2019 14:06:03 UTC] PHP Warning:  log() expects parameter 1 to be float, string given in /app/public/wp-content/plugins/Crazy/Crazy.php on line 12
[16-May-2019 14:11:48 UTC] PHP Warning:  Use of undefined constant console - assumed 'console' (this will throw an Error in a future version of PHP) in /app/public/wp-content/plugins/Crazy/Crazy.php on line 12
[16-May-2019 14:11:48 UTC] PHP Warning:  log() expects parameter 1 to be float, string given in /app/public/wp-content/plugins/Crazy/Crazy.php on line 12
[16-May-2019 14:11:48 UTC] PHP Warning:  Use of undefined constant console - assumed 'console' (this will throw an Error in a future version of PHP) in /app/public/wp-content/plugins/Crazy/Crazy.php on line 12
[16-May-2019 14:11:48 UTC] PHP Warning:  log() expects parameter 1 to be float, string given in /app/public/wp-content/plugins/Crazy/Crazy.php on line 12
[16-May-2019 14:11:48 UTC] PHP Warning:  Use of undefined constant console - assumed 'console' (this will throw an Error in a future version of PHP) in /app/public/wp-content/plugins/Crazy/Crazy.php on line 12
[16-May-2019 14:11:48 UTC] PHP Warning:  log() expects parameter 1 to be float, string given in /app/public/wp-content/plugins/Crazy/Crazy.php on line 12
[16-May-2019 14:12:06 UTC] PHP Warning:  Use of undefined constant console - assumed 'console' (this will throw an Error in a future version of PHP) in /app/public/wp-content/plugins/Crazy/Crazy.php on line 12
[16-May-2019 14:12:06 UTC] PHP Warning:  log() expects parameter 1 to be float, string given in /app/public/wp-content/plugins/Crazy/Crazy.php on line 12
[16-May-2019 14:12:06 UTC] PHP Warning:  Use of undefined constant console - assumed 'console' (this will throw an Error in a future version of PHP) in /app/public/wp-content/plugins/Crazy/Crazy.php on line 12
[16-May-2019 14:12:06 UTC] PHP Warning:  log() expects parameter 1 to be float, string given in /app/public/wp-content/plugins/Crazy/Crazy.php on line 12
[16-May-2019 14:12:06 UTC] PHP Warning:  Use of undefined constant console - assumed 'console' (this will throw an Error in a future version of PHP) in /app/public/wp-content/plugins/Crazy/Crazy.php on line 12
[16-May-2019 14:12:06 UTC] PHP Warning:  log() expects parameter 1 to be float, string given in /app/public/wp-content/plugins/Crazy/Crazy.php on line 12
[16-May-2019 14:12:39 UTC] PHP Warning:  Use of undefined constant console - assumed 'console' (this will throw an Error in a future version of PHP) in /app/public/wp-content/plugins/Crazy/Crazy.php on line 12
[16-May-2019 14:12:39 UTC] PHP Warning:  log() expects parameter 1 to be float, string given in /app/public/wp-content/plugins/Crazy/Crazy.php on line 12
[16-May-2019 14:12:39 UTC] PHP Warning:  Use of undefined constant console - assumed 'console' (this will throw an Error in a future version of PHP) in /app/public/wp-content/plugins/Crazy/Crazy.php on line 12
[16-May-2019 14:12:39 UTC] PHP Warning:  log() expects parameter 1 to be float, string given in /app/public/wp-content/plugins/Crazy/Crazy.php on line 12
[16-May-2019 14:12:39 UTC] PHP Warning:  Use of undefined constant console - assumed 'console' (this will throw an Error in a future version of PHP) in /app/public/wp-content/plugins/Crazy/Crazy.php on line 12
[16-May-2019 14:12:39 UTC] PHP Warning:  log() expects parameter 1 to be float, string given in /app/public/wp-content/plugins/Crazy/Crazy.php on line 12
[16-May-2019 14:38:10 UTC] PHP Warning:  Use of undefined constant console - assumed 'console' (this will throw an Error in a future version of PHP) in /app/public/wp-content/plugins/Crazy/Crazy.php on line 12
[16-May-2019 14:38:10 UTC] PHP Warning:  log() expects parameter 1 to be float, string given in /app/public/wp-content/plugins/Crazy/Crazy.php on line 12
[16-May-2019 14:41:17 UTC] PHP Warning:  Use of undefined constant console - assumed 'console' (this will throw an Error in a future version of PHP) in /app/public/wp-content/plugins/Crazy/Crazy.php on line 12
[16-May-2019 14:41:17 UTC] PHP Warning:  log() expects parameter 1 to be float, string given in /app/public/wp-content/plugins/Crazy/Crazy.php on line 12
[16-May-2019 14:41:17 UTC] PHP Warning:  Use of undefined constant console - assumed 'console' (this will throw an Error in a future version of PHP) in /app/public/wp-content/plugins/Crazy/Crazy.php on line 12
[16-May-2019 14:41:17 UTC] PHP Warning:  log() expects parameter 1 to be float, string given in /app/public/wp-content/plugins/Crazy/Crazy.php on line 12
[16-May-2019 14:41:17 UTC] PHP Warning:  Use of undefined constant console - assumed 'console' (this will throw an Error in a future version of PHP) in /app/public/wp-content/plugins/Crazy/Crazy.php on line 12
[16-May-2019 14:41:17 UTC] PHP Warning:  log() expects parameter 1 to be float, string given in /app/public/wp-content/plugins/Crazy/Crazy.php on line 12
[16-May-2019 14:41:35 UTC] PHP Warning:  Use of undefined constant console - assumed 'console' (this will throw an Error in a future version of PHP) in /app/public/wp-content/plugins/Crazy/Crazy.php on line 12
[16-May-2019 14:41:35 UTC] PHP Warning:  log() expects parameter 1 to be float, string given in /app/public/wp-content/plugins/Crazy/Crazy.php on line 12
[16-May-2019 14:41:35 UTC] PHP Warning:  Use of undefined constant console - assumed 'console' (this will throw an Error in a future version of PHP) in /app/public/wp-content/plugins/Crazy/Crazy.php on line 12
[16-May-2019 14:41:35 UTC] PHP Warning:  log() expects parameter 1 to be float, string given in /app/public/wp-content/plugins/Crazy/Crazy.php on line 12
[16-May-2019 14:41:35 UTC] PHP Warning:  Use of undefined constant console - assumed 'console' (this will throw an Error in a future version of PHP) in /app/public/wp-content/plugins/Crazy/Crazy.php on line 12
[16-May-2019 14:41:35 UTC] PHP Warning:  log() expects parameter 1 to be float, string given in /app/public/wp-content/plugins/Crazy/Crazy.php on line 12
[16-May-2019 14:43:48 UTC] PHP Warning:  Use of undefined constant console - assumed 'console' (this will throw an Error in a future version of PHP) in /app/public/wp-content/plugins/Crazy/Crazy.php on line 12
[16-May-2019 14:43:48 UTC] PHP Warning:  log() expects parameter 1 to be float, string given in /app/public/wp-content/plugins/Crazy/Crazy.php on line 12
[16-May-2019 14:43:48 UTC] PHP Warning:  Use of undefined constant console - assumed 'console' (this will throw an Error in a future version of PHP) in /app/public/wp-content/plugins/Crazy/Crazy.php on line 12
[16-May-2019 14:43:48 UTC] PHP Warning:  log() expects parameter 1 to be float, string given in /app/public/wp-content/plugins/Crazy/Crazy.php on line 12
[16-May-2019 14:43:48 UTC] PHP Warning:  Use of undefined constant console - assumed 'console' (this will throw an Error in a future version of PHP) in /app/public/wp-content/plugins/Crazy/Crazy.php on line 12
[16-May-2019 14:43:48 UTC] PHP Warning:  log() expects parameter 1 to be float, string given in /app/public/wp-content/plugins/Crazy/Crazy.php on line 12
[16-May-2019 14:46:39 UTC] PHP Warning:  Use of undefined constant console - assumed 'console' (this will throw an Error in a future version of PHP) in /app/public/wp-content/plugins/Crazy/Crazy.php on line 12
[16-May-2019 14:46:39 UTC] PHP Warning:  log() expects parameter 1 to be float, string given in /app/public/wp-content/plugins/Crazy/Crazy.php on line 12
[16-May-2019 14:46:39 UTC] PHP Warning:  Use of undefined constant console - assumed 'console' (this will throw an Error in a future version of PHP) in /app/public/wp-content/plugins/Crazy/Crazy.php on line 12
[16-May-2019 14:46:39 UTC] PHP Warning:  log() expects parameter 1 to be float, string given in /app/public/wp-content/plugins/Crazy/Crazy.php on line 12
[16-May-2019 14:46:39 UTC] PHP Warning:  Use of undefined constant console - assumed 'console' (this will throw an Error in a future version of PHP) in /app/public/wp-content/plugins/Crazy/Crazy.php on line 12
[16-May-2019 14:46:39 UTC] PHP Warning:  log() expects parameter 1 to be float, string given in /app/public/wp-content/plugins/Crazy/Crazy.php on line 12
[16-May-2019 14:49:50 UTC] PHP Warning:  Use of undefined constant console - assumed 'console' (this will throw an Error in a future version of PHP) in /app/public/wp-content/plugins/Crazy/Crazy.php on line 12
[16-May-2019 14:49:50 UTC] PHP Warning:  log() expects parameter 1 to be float, string given in /app/public/wp-content/plugins/Crazy/Crazy.php on line 12
[16-May-2019 14:50:07 UTC] PHP Warning:  Use of undefined constant console - assumed 'console' (this will throw an Error in a future version of PHP) in /app/public/wp-content/plugins/Crazy/Crazy.php on line 12
[16-May-2019 14:50:07 UTC] PHP Warning:  log() expects parameter 1 to be float, string given in /app/public/wp-content/plugins/Crazy/Crazy.php on line 12
[16-May-2019 14:50:07 UTC] PHP Warning:  Use of undefined constant console - assumed 'console' (this will throw an Error in a future version of PHP) in /app/public/wp-content/plugins/Crazy/Crazy.php on line 12
[16-May-2019 14:50:07 UTC] PHP Warning:  log() expects parameter 1 to be float, string given in /app/public/wp-content/plugins/Crazy/Crazy.php on line 12
[16-May-2019 14:50:09 UTC] PHP Warning:  Use of undefined constant console - assumed 'console' (this will throw an Error in a future version of PHP) in /app/public/wp-content/plugins/Crazy/Crazy.php on line 12
[16-May-2019 14:50:09 UTC] PHP Warning:  log() expects parameter 1 to be float, string given in /app/public/wp-content/plugins/Crazy/Crazy.php on line 12
[16-May-2019 14:50:09 UTC] PHP Warning:  Use of undefined constant console - assumed 'console' (this will throw an Error in a future version of PHP) in /app/public/wp-content/plugins/Crazy/Crazy.php on line 12
[16-May-2019 14:50:09 UTC] PHP Warning:  log() expects parameter 1 to be float, string given in /app/public/wp-content/plugins/Crazy/Crazy.php on line 12
